{"/home/henrique/workspace/node-js/bexstech/back-end/src/app.js": {"path":"/home/henrique/workspace/node-js/bexstech/back-end/src/app.js","statementMap":{"0":{"start":{"line":1,"column":16},"end":{"line":1,"column":34}},"1":{"start":{"line":2,"column":19},"end":{"line":2,"column":41}},"2":{"start":{"line":3,"column":12},"end":{"line":3,"column":21}},"3":{"start":{"line":4,"column":15},"end":{"line":4,"column":34}},"4":{"start":{"line":5,"column":13},"end":{"line":5,"column":28}},"5":{"start":{"line":7,"column":0},"end":{"line":7,"column":19}},"6":{"start":{"line":9,"column":0},"end":{"line":9,"column":15}},"7":{"start":{"line":11,"column":0},"end":{"line":11,"column":26}},"8":{"start":{"line":13,"column":0},"end":{"line":13,"column":20}},"9":{"start":{"line":15,"column":0},"end":{"line":15,"column":24}}},"fnMap":{},"branchMap":{},"s":{"0":2,"1":2,"2":2,"3":2,"4":2,"5":2,"6":2,"7":2,"8":2,"9":2},"f":{},"b":{},"_coverageSchema":"1a1c01bbd47fc00a2c39e90264f33305004495a9","hash":"d87ead10cb5afaa6520d02aecb384b3e727b9f75"}
,"/home/henrique/workspace/node-js/bexstech/back-end/src/config/index.js": {"path":"/home/henrique/workspace/node-js/bexstech/back-end/src/config/index.js","statementMap":{"0":{"start":{"line":1,"column":12},"end":{"line":1,"column":42}},"1":{"start":{"line":3,"column":16},"end":{"line":3,"column":51}},"2":{"start":{"line":4,"column":13},"end":{"line":4,"column":47}},"3":{"start":{"line":5,"column":17},"end":{"line":5,"column":46}},"4":{"start":{"line":6,"column":17},"end":{"line":6,"column":46}},"5":{"start":{"line":7,"column":17},"end":{"line":7,"column":36}},"6":{"start":{"line":8,"column":13},"end":{"line":8,"column":40}},"7":{"start":{"line":10,"column":0},"end":{"line":23,"column":1}}},"fnMap":{},"branchMap":{"0":{"loc":{"start":{"line":1,"column":12},"end":{"line":1,"column":42}},"type":"binary-expr","locations":[{"start":{"line":1,"column":12},"end":{"line":1,"column":32}},{"start":{"line":1,"column":36},"end":{"line":1,"column":42}}],"line":1},"1":{"loc":{"start":{"line":3,"column":16},"end":{"line":3,"column":51}},"type":"binary-expr","locations":[{"start":{"line":3,"column":16},"end":{"line":3,"column":38}},{"start":{"line":3,"column":42},"end":{"line":3,"column":51}}],"line":3},"2":{"loc":{"start":{"line":4,"column":13},"end":{"line":4,"column":47}},"type":"binary-expr","locations":[{"start":{"line":4,"column":13},"end":{"line":4,"column":32}},{"start":{"line":4,"column":36},"end":{"line":4,"column":47}}],"line":4},"3":{"loc":{"start":{"line":5,"column":17},"end":{"line":5,"column":46}},"type":"binary-expr","locations":[{"start":{"line":5,"column":17},"end":{"line":5,"column":36}},{"start":{"line":5,"column":40},"end":{"line":5,"column":46}}],"line":5},"4":{"loc":{"start":{"line":6,"column":17},"end":{"line":6,"column":46}},"type":"binary-expr","locations":[{"start":{"line":6,"column":17},"end":{"line":6,"column":36}},{"start":{"line":6,"column":40},"end":{"line":6,"column":46}}],"line":6},"5":{"loc":{"start":{"line":8,"column":13},"end":{"line":8,"column":40}},"type":"binary-expr","locations":[{"start":{"line":8,"column":13},"end":{"line":8,"column":32}},{"start":{"line":8,"column":36},"end":{"line":8,"column":40}}],"line":8}},"s":{"0":2,"1":2,"2":2,"3":2,"4":2,"5":2,"6":2,"7":2},"f":{},"b":{"0":[2,0],"1":[2,2],"2":[2,2],"3":[2,2],"4":[2,2],"5":[2,2]},"_coverageSchema":"1a1c01bbd47fc00a2c39e90264f33305004495a9","hash":"e489b4a4f9e3d0bc28c65559432d1e2ef33481de"}
,"/home/henrique/workspace/node-js/bexstech/back-end/src/controllers/answers.js": {"path":"/home/henrique/workspace/node-js/bexstech/back-end/src/controllers/answers.js","statementMap":{"0":{"start":{"line":1,"column":20},"end":{"line":1,"column":48}},"1":{"start":{"line":3,"column":16},"end":{"line":164,"column":1}},"2":{"start":{"line":5,"column":23},"end":{"line":5,"column":50}},"3":{"start":{"line":6,"column":17},"end":{"line":6,"column":56}},"4":{"start":{"line":8,"column":4},"end":{"line":11,"column":6}},"5":{"start":{"line":15,"column":4},"end":{"line":33,"column":5}},"6":{"start":{"line":16,"column":17},"end":{"line":16,"column":36}},"7":{"start":{"line":17,"column":17},"end":{"line":17,"column":48}},"8":{"start":{"line":19,"column":6},"end":{"line":30,"column":7}},"9":{"start":{"line":20,"column":27},"end":{"line":20,"column":54}},"10":{"start":{"line":22,"column":8},"end":{"line":24,"column":9}},"11":{"start":{"line":23,"column":10},"end":{"line":23,"column":104}},"12":{"start":{"line":25,"column":8},"end":{"line":25,"column":40}},"13":{"start":{"line":27,"column":8},"end":{"line":27,"column":34}},"14":{"start":{"line":29,"column":8},"end":{"line":29,"column":81}},"15":{"start":{"line":32,"column":6},"end":{"line":32,"column":13}},"16":{"start":{"line":37,"column":4},"end":{"line":49,"column":5}},"17":{"start":{"line":38,"column":25},"end":{"line":38,"column":52}},"18":{"start":{"line":40,"column":27},"end":{"line":40,"column":35}},"19":{"start":{"line":42,"column":22},"end":{"line":42,"column":74}},"20":{"start":{"line":43,"column":17},"end":{"line":43,"column":56}},"21":{"start":{"line":44,"column":6},"end":{"line":44,"column":38}},"22":{"start":{"line":46,"column":6},"end":{"line":46,"column":32}},"23":{"start":{"line":48,"column":6},"end":{"line":48,"column":13}},"24":{"start":{"line":53,"column":4},"end":{"line":80,"column":5}},"25":{"start":{"line":54,"column":17},"end":{"line":54,"column":36}},"26":{"start":{"line":55,"column":17},"end":{"line":55,"column":48}},"27":{"start":{"line":57,"column":6},"end":{"line":77,"column":7}},"28":{"start":{"line":58,"column":27},"end":{"line":58,"column":54}},"29":{"start":{"line":60,"column":8},"end":{"line":62,"column":9}},"30":{"start":{"line":61,"column":10},"end":{"line":61,"column":104}},"31":{"start":{"line":64,"column":50},"end":{"line":64,"column":58}},"32":{"start":{"line":66,"column":8},"end":{"line":66,"column":37}},"33":{"start":{"line":67,"column":8},"end":{"line":67,"column":37}},"34":{"start":{"line":68,"column":8},"end":{"line":68,"column":40}},"35":{"start":{"line":70,"column":8},"end":{"line":70,"column":25}},"36":{"start":{"line":72,"column":8},"end":{"line":72,"column":40}},"37":{"start":{"line":74,"column":8},"end":{"line":74,"column":34}},"38":{"start":{"line":76,"column":8},"end":{"line":76,"column":81}},"39":{"start":{"line":79,"column":6},"end":{"line":79,"column":13}},"40":{"start":{"line":84,"column":4},"end":{"line":103,"column":5}},"41":{"start":{"line":85,"column":17},"end":{"line":85,"column":36}},"42":{"start":{"line":86,"column":17},"end":{"line":86,"column":48}},"43":{"start":{"line":88,"column":6},"end":{"line":100,"column":7}},"44":{"start":{"line":89,"column":27},"end":{"line":89,"column":54}},"45":{"start":{"line":91,"column":8},"end":{"line":93,"column":9}},"46":{"start":{"line":92,"column":10},"end":{"line":92,"column":104}},"47":{"start":{"line":95,"column":8},"end":{"line":95,"column":28}},"48":{"start":{"line":97,"column":8},"end":{"line":97,"column":29}},"49":{"start":{"line":99,"column":8},"end":{"line":99,"column":81}},"50":{"start":{"line":102,"column":6},"end":{"line":102,"column":13}},"51":{"start":{"line":107,"column":4},"end":{"line":107,"column":48}},"52":{"start":{"line":111,"column":4},"end":{"line":111,"column":49}},"53":{"start":{"line":115,"column":4},"end":{"line":129,"column":5}},"54":{"start":{"line":116,"column":17},"end":{"line":116,"column":36}},"55":{"start":{"line":117,"column":17},"end":{"line":117,"column":48}},"56":{"start":{"line":119,"column":6},"end":{"line":126,"column":7}},"57":{"start":{"line":120,"column":8},"end":{"line":120,"column":38}},"58":{"start":{"line":121,"column":8},"end":{"line":121,"column":25}},"59":{"start":{"line":123,"column":8},"end":{"line":123,"column":34}},"60":{"start":{"line":125,"column":8},"end":{"line":125,"column":81}},"61":{"start":{"line":128,"column":6},"end":{"line":128,"column":13}},"62":{"start":{"line":133,"column":4},"end":{"line":133,"column":37}},"63":{"start":{"line":135,"column":17},"end":{"line":138,"column":6}},"64":{"start":{"line":140,"column":4},"end":{"line":140,"column":15}},"65":{"start":{"line":144,"column":4},"end":{"line":144,"column":21}},"66":{"start":{"line":146,"column":17},"end":{"line":149,"column":6}},"67":{"start":{"line":151,"column":4},"end":{"line":151,"column":15}},"68":{"start":{"line":155,"column":4},"end":{"line":162,"column":5}},"69":{"start":{"line":166,"column":0},"end":{"line":166,"column":24}}},"fnMap":{"0":{"name":"(anonymous_0)","decl":{"start":{"line":4,"column":10},"end":{"line":4,"column":11}},"loc":{"start":{"line":4,"column":36},"end":{"line":12,"column":3}},"line":4},"1":{"name":"(anonymous_1)","decl":{"start":{"line":14,"column":11},"end":{"line":14,"column":12}},"loc":{"start":{"line":14,"column":37},"end":{"line":34,"column":3}},"line":14},"2":{"name":"(anonymous_2)","decl":{"start":{"line":36,"column":10},"end":{"line":36,"column":11}},"loc":{"start":{"line":36,"column":36},"end":{"line":50,"column":3}},"line":36},"3":{"name":"(anonymous_3)","decl":{"start":{"line":52,"column":10},"end":{"line":52,"column":11}},"loc":{"start":{"line":52,"column":36},"end":{"line":81,"column":3}},"line":52},"4":{"name":"(anonymous_4)","decl":{"start":{"line":83,"column":10},"end":{"line":83,"column":11}},"loc":{"start":{"line":83,"column":36},"end":{"line":104,"column":3}},"line":83},"5":{"name":"(anonymous_5)","decl":{"start":{"line":106,"column":8},"end":{"line":106,"column":9}},"loc":{"start":{"line":106,"column":34},"end":{"line":108,"column":3}},"line":106},"6":{"name":"(anonymous_6)","decl":{"start":{"line":110,"column":11},"end":{"line":110,"column":12}},"loc":{"start":{"line":110,"column":37},"end":{"line":112,"column":3}},"line":110},"7":{"name":"(anonymous_7)","decl":{"start":{"line":114,"column":12},"end":{"line":114,"column":13}},"loc":{"start":{"line":114,"column":52},"end":{"line":130,"column":3}},"line":114},"8":{"name":"(anonymous_8)","decl":{"start":{"line":132,"column":17},"end":{"line":132,"column":18}},"loc":{"start":{"line":132,"column":39},"end":{"line":141,"column":3}},"line":132},"9":{"name":"(anonymous_9)","decl":{"start":{"line":143,"column":17},"end":{"line":143,"column":18}},"loc":{"start":{"line":143,"column":29},"end":{"line":152,"column":3}},"line":143},"10":{"name":"(anonymous_10)","decl":{"start":{"line":154,"column":9},"end":{"line":154,"column":10}},"loc":{"start":{"line":154,"column":27},"end":{"line":163,"column":3}},"line":154}},"branchMap":{"0":{"loc":{"start":{"line":19,"column":6},"end":{"line":30,"column":7}},"type":"if","locations":[{"start":{"line":19,"column":6},"end":{"line":30,"column":7}},{"start":{"line":19,"column":6},"end":{"line":30,"column":7}}],"line":19},"1":{"loc":{"start":{"line":22,"column":8},"end":{"line":24,"column":9}},"type":"if","locations":[{"start":{"line":22,"column":8},"end":{"line":24,"column":9}},{"start":{"line":22,"column":8},"end":{"line":24,"column":9}}],"line":22},"2":{"loc":{"start":{"line":57,"column":6},"end":{"line":77,"column":7}},"type":"if","locations":[{"start":{"line":57,"column":6},"end":{"line":77,"column":7}},{"start":{"line":57,"column":6},"end":{"line":77,"column":7}}],"line":57},"3":{"loc":{"start":{"line":60,"column":8},"end":{"line":62,"column":9}},"type":"if","locations":[{"start":{"line":60,"column":8},"end":{"line":62,"column":9}},{"start":{"line":60,"column":8},"end":{"line":62,"column":9}}],"line":60},"4":{"loc":{"start":{"line":66,"column":20},"end":{"line":66,"column":37}},"type":"binary-expr","locations":[{"start":{"line":66,"column":20},"end":{"line":66,"column":24}},{"start":{"line":66,"column":28},"end":{"line":66,"column":37}}],"line":66},"5":{"loc":{"start":{"line":67,"column":20},"end":{"line":67,"column":37}},"type":"binary-expr","locations":[{"start":{"line":67,"column":20},"end":{"line":67,"column":24}},{"start":{"line":67,"column":28},"end":{"line":67,"column":37}}],"line":67},"6":{"loc":{"start":{"line":68,"column":21},"end":{"line":68,"column":40}},"type":"binary-expr","locations":[{"start":{"line":68,"column":21},"end":{"line":68,"column":26}},{"start":{"line":68,"column":30},"end":{"line":68,"column":40}}],"line":68},"7":{"loc":{"start":{"line":88,"column":6},"end":{"line":100,"column":7}},"type":"if","locations":[{"start":{"line":88,"column":6},"end":{"line":100,"column":7}},{"start":{"line":88,"column":6},"end":{"line":100,"column":7}}],"line":88},"8":{"loc":{"start":{"line":91,"column":8},"end":{"line":93,"column":9}},"type":"if","locations":[{"start":{"line":91,"column":8},"end":{"line":93,"column":9}},{"start":{"line":91,"column":8},"end":{"line":93,"column":9}}],"line":91},"9":{"loc":{"start":{"line":119,"column":6},"end":{"line":126,"column":7}},"type":"if","locations":[{"start":{"line":119,"column":6},"end":{"line":126,"column":7}},{"start":{"line":119,"column":6},"end":{"line":126,"column":7}}],"line":119}},"s":{"0":2,"1":2,"2":1,"3":1,"4":1,"5":4,"6":4,"7":4,"8":3,"9":2,"10":2,"11":1,"12":1,"13":1,"14":1,"15":1,"16":2,"17":2,"18":2,"19":2,"20":1,"21":1,"22":1,"23":1,"24":5,"25":5,"26":5,"27":4,"28":3,"29":3,"30":1,"31":2,"32":2,"33":2,"34":2,"35":2,"36":2,"37":2,"38":1,"39":1,"40":4,"41":4,"42":4,"43":3,"44":2,"45":2,"46":1,"47":1,"48":1,"49":1,"50":1,"51":3,"52":3,"53":6,"54":6,"55":6,"56":4,"57":2,"58":2,"59":2,"60":2,"61":2,"62":1,"63":1,"64":1,"65":20,"66":20,"67":15,"68":4,"69":2},"f":{"0":1,"1":4,"2":2,"3":5,"4":4,"5":3,"6":3,"7":6,"8":1,"9":20,"10":4},"b":{"0":[2,1],"1":[1,1],"2":[3,1],"3":[1,2],"4":[2,1],"5":[2,1],"6":[2,2],"7":[2,1],"8":[1,1],"9":[2,2]},"_coverageSchema":"1a1c01bbd47fc00a2c39e90264f33305004495a9","hash":"f56d1c287000e29d6643338ae51d96636c366033"}
,"/home/henrique/workspace/node-js/bexstech/back-end/src/controllers/questions.js": {"path":"/home/henrique/workspace/node-js/bexstech/back-end/src/controllers/questions.js","statementMap":{"0":{"start":{"line":1,"column":22},"end":{"line":1,"column":52}},"1":{"start":{"line":2,"column":20},"end":{"line":2,"column":48}},"2":{"start":{"line":3,"column":26},"end":{"line":3,"column":46}},"3":{"start":{"line":5,"column":18},"end":{"line":285,"column":1}},"4":{"start":{"line":7,"column":19},"end":{"line":7,"column":49}},"5":{"start":{"line":9,"column":17},"end":{"line":9,"column":56}},"6":{"start":{"line":11,"column":4},"end":{"line":19,"column":6}},"7":{"start":{"line":23,"column":4},"end":{"line":34,"column":5}},"8":{"start":{"line":24,"column":17},"end":{"line":24,"column":38}},"9":{"start":{"line":25,"column":17},"end":{"line":25,"column":52}},"10":{"start":{"line":27,"column":6},"end":{"line":29,"column":7}},"11":{"start":{"line":28,"column":8},"end":{"line":28,"column":90}},"12":{"start":{"line":31,"column":6},"end":{"line":31,"column":32}},"13":{"start":{"line":33,"column":6},"end":{"line":33,"column":13}},"14":{"start":{"line":38,"column":4},"end":{"line":47,"column":5}},"15":{"start":{"line":39,"column":36},"end":{"line":39,"column":44}},"16":{"start":{"line":41,"column":22},"end":{"line":41,"column":71}},"17":{"start":{"line":42,"column":17},"end":{"line":42,"column":60}},"18":{"start":{"line":44,"column":6},"end":{"line":44,"column":32}},"19":{"start":{"line":46,"column":6},"end":{"line":46,"column":13}},"20":{"start":{"line":51,"column":4},"end":{"line":72,"column":5}},"21":{"start":{"line":52,"column":17},"end":{"line":52,"column":38}},"22":{"start":{"line":53,"column":17},"end":{"line":53,"column":52}},"23":{"start":{"line":55,"column":6},"end":{"line":69,"column":7}},"24":{"start":{"line":56,"column":50},"end":{"line":56,"column":58}},"25":{"start":{"line":58,"column":8},"end":{"line":58,"column":37}},"26":{"start":{"line":59,"column":8},"end":{"line":59,"column":40}},"27":{"start":{"line":60,"column":8},"end":{"line":60,"column":37}},"28":{"start":{"line":61,"column":8},"end":{"line":61,"column":40}},"29":{"start":{"line":62,"column":8},"end":{"line":62,"column":40}},"30":{"start":{"line":64,"column":8},"end":{"line":64,"column":25}},"31":{"start":{"line":66,"column":8},"end":{"line":66,"column":34}},"32":{"start":{"line":68,"column":8},"end":{"line":68,"column":83}},"33":{"start":{"line":71,"column":6},"end":{"line":71,"column":13}},"34":{"start":{"line":76,"column":4},"end":{"line":88,"column":5}},"35":{"start":{"line":77,"column":17},"end":{"line":77,"column":38}},"36":{"start":{"line":78,"column":19},"end":{"line":78,"column":54}},"37":{"start":{"line":80,"column":6},"end":{"line":82,"column":7}},"38":{"start":{"line":81,"column":8},"end":{"line":81,"column":90}},"39":{"start":{"line":84,"column":6},"end":{"line":84,"column":26}},"40":{"start":{"line":85,"column":6},"end":{"line":85,"column":27}},"41":{"start":{"line":87,"column":6},"end":{"line":87,"column":13}},"42":{"start":{"line":92,"column":4},"end":{"line":92,"column":50}},"43":{"start":{"line":96,"column":4},"end":{"line":96,"column":51}},"44":{"start":{"line":100,"column":4},"end":{"line":100,"column":50}},"45":{"start":{"line":104,"column":4},"end":{"line":118,"column":5}},"46":{"start":{"line":105,"column":17},"end":{"line":105,"column":38}},"47":{"start":{"line":106,"column":17},"end":{"line":106,"column":52}},"48":{"start":{"line":108,"column":6},"end":{"line":115,"column":7}},"49":{"start":{"line":109,"column":8},"end":{"line":109,"column":38}},"50":{"start":{"line":110,"column":8},"end":{"line":110,"column":25}},"51":{"start":{"line":112,"column":8},"end":{"line":112,"column":34}},"52":{"start":{"line":114,"column":8},"end":{"line":114,"column":83}},"53":{"start":{"line":117,"column":6},"end":{"line":117,"column":13}},"54":{"start":{"line":122,"column":17},"end":{"line":135,"column":6}},"55":{"start":{"line":137,"column":4},"end":{"line":137,"column":15}},"56":{"start":{"line":141,"column":4},"end":{"line":141,"column":21}},"57":{"start":{"line":143,"column":17},"end":{"line":153,"column":6}},"58":{"start":{"line":155,"column":4},"end":{"line":155,"column":15}},"59":{"start":{"line":159,"column":4},"end":{"line":169,"column":5}},"60":{"start":{"line":160,"column":17},"end":{"line":160,"column":38}},"61":{"start":{"line":161,"column":17},"end":{"line":161,"column":52}},"62":{"start":{"line":163,"column":6},"end":{"line":165,"column":7}},"63":{"start":{"line":164,"column":8},"end":{"line":164,"column":90}},"64":{"start":{"line":166,"column":6},"end":{"line":166,"column":12}},"65":{"start":{"line":168,"column":6},"end":{"line":168,"column":13}},"66":{"start":{"line":173,"column":25},"end":{"line":173,"column":47}},"67":{"start":{"line":175,"column":4},"end":{"line":175,"column":61}},"68":{"start":{"line":177,"column":4},"end":{"line":177,"column":35}},"69":{"start":{"line":178,"column":4},"end":{"line":178,"column":10}},"70":{"start":{"line":182,"column":18},"end":{"line":182,"column":46}},"71":{"start":{"line":183,"column":18},"end":{"line":183,"column":42}},"72":{"start":{"line":184,"column":23},"end":{"line":184,"column":64}},"73":{"start":{"line":186,"column":4},"end":{"line":190,"column":5}},"74":{"start":{"line":194,"column":27},"end":{"line":194,"column":36}},"75":{"start":{"line":195,"column":16},"end":{"line":195,"column":21}},"76":{"start":{"line":197,"column":17},"end":{"line":197,"column":19}},"77":{"start":{"line":199,"column":4},"end":{"line":216,"column":5}},"78":{"start":{"line":200,"column":22},"end":{"line":200,"column":27}},"79":{"start":{"line":202,"column":6},"end":{"line":205,"column":7}},"80":{"start":{"line":203,"column":8},"end":{"line":203,"column":30}},"81":{"start":{"line":204,"column":8},"end":{"line":204,"column":26}},"82":{"start":{"line":207,"column":6},"end":{"line":215,"column":7}},"83":{"start":{"line":208,"column":8},"end":{"line":210,"column":9}},"84":{"start":{"line":209,"column":10},"end":{"line":209,"column":50}},"85":{"start":{"line":212,"column":8},"end":{"line":214,"column":9}},"86":{"start":{"line":218,"column":4},"end":{"line":218,"column":17}},"87":{"start":{"line":222,"column":47},"end":{"line":222,"column":56}},"88":{"start":{"line":224,"column":4},"end":{"line":224,"column":41}},"89":{"start":{"line":225,"column":4},"end":{"line":225,"column":43}},"90":{"start":{"line":226,"column":4},"end":{"line":226,"column":41}},"91":{"start":{"line":228,"column":18},"end":{"line":228,"column":20}},"92":{"start":{"line":230,"column":4},"end":{"line":232,"column":5}},"93":{"start":{"line":231,"column":6},"end":{"line":231,"column":23}},"94":{"start":{"line":234,"column":4},"end":{"line":236,"column":5}},"95":{"start":{"line":235,"column":6},"end":{"line":235,"column":25}},"96":{"start":{"line":238,"column":4},"end":{"line":240,"column":5}},"97":{"start":{"line":239,"column":6},"end":{"line":239,"column":23}},"98":{"start":{"line":242,"column":4},"end":{"line":242,"column":16}},"99":{"start":{"line":247,"column":4},"end":{"line":249,"column":5}},"100":{"start":{"line":248,"column":6},"end":{"line":248,"column":34}},"101":{"start":{"line":251,"column":4},"end":{"line":251,"column":17}},"102":{"start":{"line":255,"column":36},"end":{"line":255,"column":45}},"103":{"start":{"line":257,"column":4},"end":{"line":257,"column":25}},"104":{"start":{"line":258,"column":4},"end":{"line":258,"column":31}},"105":{"start":{"line":260,"column":22},"end":{"line":260,"column":68}},"106":{"start":{"line":261,"column":22},"end":{"line":261,"column":52}},"107":{"start":{"line":263,"column":18},"end":{"line":263,"column":25}},"108":{"start":{"line":264,"column":19},"end":{"line":264,"column":39}},"109":{"start":{"line":266,"column":21},"end":{"line":270,"column":5}},"110":{"start":{"line":272,"column":4},"end":{"line":276,"column":5}},"111":{"start":{"line":280,"column":4},"end":{"line":283,"column":6}},"112":{"start":{"line":287,"column":0},"end":{"line":287,"column":26}}},"fnMap":{"0":{"name":"(anonymous_0)","decl":{"start":{"line":6,"column":10},"end":{"line":6,"column":11}},"loc":{"start":{"line":6,"column":36},"end":{"line":20,"column":3}},"line":6},"1":{"name":"(anonymous_1)","decl":{"start":{"line":22,"column":11},"end":{"line":22,"column":12}},"loc":{"start":{"line":22,"column":37},"end":{"line":35,"column":3}},"line":22},"2":{"name":"(anonymous_2)","decl":{"start":{"line":37,"column":10},"end":{"line":37,"column":11}},"loc":{"start":{"line":37,"column":36},"end":{"line":48,"column":3}},"line":37},"3":{"name":"(anonymous_3)","decl":{"start":{"line":50,"column":10},"end":{"line":50,"column":11}},"loc":{"start":{"line":50,"column":36},"end":{"line":73,"column":3}},"line":50},"4":{"name":"(anonymous_4)","decl":{"start":{"line":75,"column":10},"end":{"line":75,"column":11}},"loc":{"start":{"line":75,"column":36},"end":{"line":89,"column":3}},"line":75},"5":{"name":"(anonymous_5)","decl":{"start":{"line":91,"column":8},"end":{"line":91,"column":9}},"loc":{"start":{"line":91,"column":34},"end":{"line":93,"column":3}},"line":91},"6":{"name":"(anonymous_6)","decl":{"start":{"line":95,"column":11},"end":{"line":95,"column":12}},"loc":{"start":{"line":95,"column":37},"end":{"line":97,"column":3}},"line":95},"7":{"name":"(anonymous_7)","decl":{"start":{"line":99,"column":8},"end":{"line":99,"column":9}},"loc":{"start":{"line":99,"column":34},"end":{"line":101,"column":3}},"line":99},"8":{"name":"(anonymous_8)","decl":{"start":{"line":103,"column":12},"end":{"line":103,"column":13}},"loc":{"start":{"line":103,"column":52},"end":{"line":119,"column":3}},"line":103},"9":{"name":"(anonymous_9)","decl":{"start":{"line":121,"column":19},"end":{"line":121,"column":20}},"loc":{"start":{"line":121,"column":37},"end":{"line":138,"column":3}},"line":121},"10":{"name":"(anonymous_10)","decl":{"start":{"line":140,"column":19},"end":{"line":140,"column":20}},"loc":{"start":{"line":140,"column":31},"end":{"line":156,"column":3}},"line":140},"11":{"name":"(anonymous_11)","decl":{"start":{"line":158,"column":18},"end":{"line":158,"column":19}},"loc":{"start":{"line":158,"column":44},"end":{"line":170,"column":3}},"line":158},"12":{"name":"(anonymous_12)","decl":{"start":{"line":172,"column":18},"end":{"line":172,"column":19}},"loc":{"start":{"line":172,"column":44},"end":{"line":179,"column":3}},"line":172},"13":{"name":"(anonymous_13)","decl":{"start":{"line":181,"column":13},"end":{"line":181,"column":14}},"loc":{"start":{"line":181,"column":26},"end":{"line":191,"column":3}},"line":181},"14":{"name":"(anonymous_14)","decl":{"start":{"line":193,"column":2},"end":{"line":193,"column":3}},"loc":{"start":{"line":193,"column":21},"end":{"line":219,"column":3}},"line":193},"15":{"name":"(anonymous_15)","decl":{"start":{"line":221,"column":2},"end":{"line":221,"column":3}},"loc":{"start":{"line":221,"column":17},"end":{"line":243,"column":3}},"line":221},"16":{"name":"(anonymous_16)","decl":{"start":{"line":245,"column":2},"end":{"line":245,"column":3}},"loc":{"start":{"line":245,"column":24},"end":{"line":252,"column":3}},"line":245},"17":{"name":"(anonymous_17)","decl":{"start":{"line":254,"column":17},"end":{"line":254,"column":18}},"loc":{"start":{"line":254,"column":39},"end":{"line":277,"column":3}},"line":254},"18":{"name":"(anonymous_18)","decl":{"start":{"line":279,"column":18},"end":{"line":279,"column":19}},"loc":{"start":{"line":279,"column":33},"end":{"line":284,"column":3}},"line":279}},"branchMap":{"0":{"loc":{"start":{"line":27,"column":6},"end":{"line":29,"column":7}},"type":"if","locations":[{"start":{"line":27,"column":6},"end":{"line":29,"column":7}},{"start":{"line":27,"column":6},"end":{"line":29,"column":7}}],"line":27},"1":{"loc":{"start":{"line":55,"column":6},"end":{"line":69,"column":7}},"type":"if","locations":[{"start":{"line":55,"column":6},"end":{"line":69,"column":7}},{"start":{"line":55,"column":6},"end":{"line":69,"column":7}}],"line":55},"2":{"loc":{"start":{"line":58,"column":20},"end":{"line":58,"column":37}},"type":"binary-expr","locations":[{"start":{"line":58,"column":20},"end":{"line":58,"column":24}},{"start":{"line":58,"column":28},"end":{"line":58,"column":37}}],"line":58},"3":{"loc":{"start":{"line":59,"column":21},"end":{"line":59,"column":40}},"type":"binary-expr","locations":[{"start":{"line":59,"column":21},"end":{"line":59,"column":26}},{"start":{"line":59,"column":30},"end":{"line":59,"column":40}}],"line":59},"4":{"loc":{"start":{"line":60,"column":20},"end":{"line":60,"column":37}},"type":"binary-expr","locations":[{"start":{"line":60,"column":20},"end":{"line":60,"column":24}},{"start":{"line":60,"column":28},"end":{"line":60,"column":37}}],"line":60},"5":{"loc":{"start":{"line":61,"column":21},"end":{"line":61,"column":40}},"type":"binary-expr","locations":[{"start":{"line":61,"column":21},"end":{"line":61,"column":26}},{"start":{"line":61,"column":30},"end":{"line":61,"column":40}}],"line":61},"6":{"loc":{"start":{"line":62,"column":21},"end":{"line":62,"column":40}},"type":"binary-expr","locations":[{"start":{"line":62,"column":21},"end":{"line":62,"column":26}},{"start":{"line":62,"column":30},"end":{"line":62,"column":40}}],"line":62},"7":{"loc":{"start":{"line":80,"column":6},"end":{"line":82,"column":7}},"type":"if","locations":[{"start":{"line":80,"column":6},"end":{"line":82,"column":7}},{"start":{"line":80,"column":6},"end":{"line":82,"column":7}}],"line":80},"8":{"loc":{"start":{"line":108,"column":6},"end":{"line":115,"column":7}},"type":"if","locations":[{"start":{"line":108,"column":6},"end":{"line":115,"column":7}},{"start":{"line":108,"column":6},"end":{"line":115,"column":7}}],"line":108},"9":{"loc":{"start":{"line":163,"column":6},"end":{"line":165,"column":7}},"type":"if","locations":[{"start":{"line":163,"column":6},"end":{"line":165,"column":7}},{"start":{"line":163,"column":6},"end":{"line":165,"column":7}}],"line":163},"10":{"loc":{"start":{"line":173,"column":25},"end":{"line":173,"column":47}},"type":"binary-expr","locations":[{"start":{"line":173,"column":25},"end":{"line":173,"column":41}},{"start":{"line":173,"column":45},"end":{"line":173,"column":47}}],"line":173},"11":{"loc":{"start":{"line":194,"column":12},"end":{"line":194,"column":22}},"type":"default-arg","locations":[{"start":{"line":194,"column":20},"end":{"line":194,"column":22}}],"line":194},"12":{"loc":{"start":{"line":199,"column":4},"end":{"line":216,"column":5}},"type":"if","locations":[{"start":{"line":199,"column":4},"end":{"line":216,"column":5}},{"start":{"line":199,"column":4},"end":{"line":216,"column":5}}],"line":199},"13":{"loc":{"start":{"line":202,"column":6},"end":{"line":205,"column":7}},"type":"if","locations":[{"start":{"line":202,"column":6},"end":{"line":205,"column":7}},{"start":{"line":202,"column":6},"end":{"line":205,"column":7}}],"line":202},"14":{"loc":{"start":{"line":207,"column":6},"end":{"line":215,"column":7}},"type":"if","locations":[{"start":{"line":207,"column":6},"end":{"line":215,"column":7}},{"start":{"line":207,"column":6},"end":{"line":215,"column":7}}],"line":207},"15":{"loc":{"start":{"line":208,"column":8},"end":{"line":210,"column":9}},"type":"if","locations":[{"start":{"line":208,"column":8},"end":{"line":210,"column":9}},{"start":{"line":208,"column":8},"end":{"line":210,"column":9}}],"line":208},"16":{"loc":{"start":{"line":222,"column":10},"end":{"line":222,"column":19}},"type":"default-arg","locations":[{"start":{"line":222,"column":17},"end":{"line":222,"column":19}}],"line":222},"17":{"loc":{"start":{"line":222,"column":21},"end":{"line":222,"column":31}},"type":"default-arg","locations":[{"start":{"line":222,"column":29},"end":{"line":222,"column":31}}],"line":222},"18":{"loc":{"start":{"line":222,"column":33},"end":{"line":222,"column":42}},"type":"default-arg","locations":[{"start":{"line":222,"column":40},"end":{"line":222,"column":42}}],"line":222},"19":{"loc":{"start":{"line":230,"column":4},"end":{"line":232,"column":5}},"type":"if","locations":[{"start":{"line":230,"column":4},"end":{"line":232,"column":5}},{"start":{"line":230,"column":4},"end":{"line":232,"column":5}}],"line":230},"20":{"loc":{"start":{"line":234,"column":4},"end":{"line":236,"column":5}},"type":"if","locations":[{"start":{"line":234,"column":4},"end":{"line":236,"column":5}},{"start":{"line":234,"column":4},"end":{"line":236,"column":5}}],"line":234},"21":{"loc":{"start":{"line":238,"column":4},"end":{"line":240,"column":5}},"type":"if","locations":[{"start":{"line":238,"column":4},"end":{"line":240,"column":5}},{"start":{"line":238,"column":4},"end":{"line":240,"column":5}}],"line":238},"22":{"loc":{"start":{"line":247,"column":4},"end":{"line":249,"column":5}},"type":"if","locations":[{"start":{"line":247,"column":4},"end":{"line":249,"column":5}},{"start":{"line":247,"column":4},"end":{"line":249,"column":5}}],"line":247},"23":{"loc":{"start":{"line":247,"column":8},"end":{"line":247,"column":51}},"type":"binary-expr","locations":[{"start":{"line":247,"column":9},"end":{"line":247,"column":21}},{"start":{"line":247,"column":27},"end":{"line":247,"column":50}}],"line":247},"24":{"loc":{"start":{"line":255,"column":10},"end":{"line":255,"column":18}},"type":"default-arg","locations":[{"start":{"line":255,"column":17},"end":{"line":255,"column":18}}],"line":255},"25":{"loc":{"start":{"line":255,"column":20},"end":{"line":255,"column":31}},"type":"default-arg","locations":[{"start":{"line":255,"column":30},"end":{"line":255,"column":31}}],"line":255}},"s":{"0":2,"1":2,"2":2,"3":2,"4":10,"5":10,"6":10,"7":3,"8":3,"9":3,"10":2,"11":1,"12":1,"13":1,"14":2,"15":2,"16":2,"17":1,"18":1,"19":1,"20":4,"21":4,"22":4,"23":3,"24":2,"25":2,"26":2,"27":2,"28":2,"29":2,"30":2,"31":2,"32":1,"33":1,"34":3,"35":3,"36":3,"37":2,"38":1,"39":1,"40":1,"41":1,"42":3,"43":1,"44":1,"45":5,"46":5,"47":5,"48":4,"49":3,"50":3,"51":3,"52":1,"53":1,"54":10,"55":10,"56":40,"57":40,"58":35,"59":24,"60":24,"61":24,"62":23,"63":1,"64":22,"65":1,"66":22,"67":22,"68":22,"69":22,"70":10,"71":10,"72":10,"73":10,"74":10,"75":10,"76":10,"77":10,"78":4,"79":4,"80":1,"81":1,"82":4,"83":3,"84":1,"85":3,"86":10,"87":10,"88":10,"89":10,"90":10,"91":10,"92":10,"93":2,"94":10,"95":1,"96":10,"97":1,"98":10,"99":30,"100":4,"101":30,"102":10,"103":10,"104":10,"105":10,"106":10,"107":10,"108":10,"109":10,"110":10,"111":10,"112":2},"f":{"0":10,"1":3,"2":2,"3":4,"4":3,"5":3,"6":1,"7":1,"8":5,"9":10,"10":40,"11":24,"12":22,"13":10,"14":10,"15":10,"16":30,"17":10,"18":10},"b":{"0":[1,1],"1":[2,1],"2":[2,2],"3":[2,1],"4":[2,1],"5":[2,2],"6":[2,2],"7":[1,1],"8":[3,1],"9":[1,22],"10":[22,22],"11":[6],"12":[4,6],"13":[1,3],"14":[3,1],"15":[1,2],"16":[8],"17":[9],"18":[9],"19":[2,8],"20":[1,9],"21":[1,9],"22":[4,26],"23":[30,4],"24":[9],"25":[9]},"_coverageSchema":"1a1c01bbd47fc00a2c39e90264f33305004495a9","hash":"8a074a8fbe48f11c8ad85ea7c6b6f41986396ffa"}
,"/home/henrique/workspace/node-js/bexstech/back-end/src/models/answers.js": {"path":"/home/henrique/workspace/node-js/bexstech/back-end/src/models/answers.js","statementMap":{"0":{"start":{"line":1,"column":29},"end":{"line":1,"column":49}},"1":{"start":{"line":5,"column":4},"end":{"line":24,"column":6}},"2":{"start":{"line":28,"column":4},"end":{"line":28,"column":81}},"3":{"start":{"line":32,"column":0},"end":{"line":32,"column":24}}},"fnMap":{"0":{"name":"(anonymous_0)","decl":{"start":{"line":4,"column":2},"end":{"line":4,"column":3}},"loc":{"start":{"line":4,"column":25},"end":{"line":25,"column":3}},"line":4},"1":{"name":"(anonymous_1)","decl":{"start":{"line":27,"column":2},"end":{"line":27,"column":3}},"loc":{"start":{"line":27,"column":27},"end":{"line":29,"column":3}},"line":27}},"branchMap":{},"s":{"0":2,"1":2,"2":2,"3":2},"f":{"0":2,"1":2},"b":{},"_coverageSchema":"1a1c01bbd47fc00a2c39e90264f33305004495a9","hash":"4f664ea20f4a52cbf44a6c35fad36bfdc6e48979"}
,"/home/henrique/workspace/node-js/bexstech/back-end/src/models/index.js": {"path":"/home/henrique/workspace/node-js/bexstech/back-end/src/models/index.js","statementMap":{"0":{"start":{"line":1,"column":18},"end":{"line":1,"column":38}},"1":{"start":{"line":2,"column":17},"end":{"line":2,"column":43}},"2":{"start":{"line":4,"column":18},"end":{"line":4,"column":48}},"3":{"start":{"line":5,"column":16},"end":{"line":5,"column":44}},"4":{"start":{"line":7,"column":19},"end":{"line":7,"column":42}},"5":{"start":{"line":9,"column":0},"end":{"line":9,"column":26}},"6":{"start":{"line":10,"column":0},"end":{"line":10,"column":24}},"7":{"start":{"line":12,"column":0},"end":{"line":12,"column":38}},"8":{"start":{"line":13,"column":0},"end":{"line":13,"column":36}},"9":{"start":{"line":15,"column":0},"end":{"line":15,"column":27}}},"fnMap":{},"branchMap":{},"s":{"0":2,"1":2,"2":2,"3":2,"4":2,"5":2,"6":2,"7":2,"8":2,"9":2},"f":{},"b":{},"_coverageSchema":"1a1c01bbd47fc00a2c39e90264f33305004495a9","hash":"9d134818c624f8c02e163afea1be46909df3f9e6"}
,"/home/henrique/workspace/node-js/bexstech/back-end/src/models/questions.js": {"path":"/home/henrique/workspace/node-js/bexstech/back-end/src/models/questions.js","statementMap":{"0":{"start":{"line":1,"column":29},"end":{"line":1,"column":49}},"1":{"start":{"line":5,"column":4},"end":{"line":33,"column":6}},"2":{"start":{"line":37,"column":4},"end":{"line":37,"column":77}},"3":{"start":{"line":41,"column":0},"end":{"line":41,"column":26}}},"fnMap":{"0":{"name":"(anonymous_0)","decl":{"start":{"line":4,"column":2},"end":{"line":4,"column":3}},"loc":{"start":{"line":4,"column":25},"end":{"line":34,"column":3}},"line":4},"1":{"name":"(anonymous_1)","decl":{"start":{"line":36,"column":2},"end":{"line":36,"column":3}},"loc":{"start":{"line":36,"column":27},"end":{"line":38,"column":3}},"line":36}},"branchMap":{},"s":{"0":2,"1":2,"2":2,"3":2},"f":{"0":2,"1":2},"b":{},"_coverageSchema":"1a1c01bbd47fc00a2c39e90264f33305004495a9","hash":"c9ebdad1263b90eba5c3417a97d27ef92fc9bb4a"}
,"/home/henrique/workspace/node-js/bexstech/back-end/src/routes/answers.js": {"path":"/home/henrique/workspace/node-js/bexstech/back-end/src/routes/answers.js","statementMap":{"0":{"start":{"line":1,"column":16},"end":{"line":1,"column":34}},"1":{"start":{"line":2,"column":15},"end":{"line":2,"column":31}},"2":{"start":{"line":3,"column":19},"end":{"line":3,"column":52}},"3":{"start":{"line":5,"column":0},"end":{"line":5,"column":34}},"4":{"start":{"line":7,"column":0},"end":{"line":7,"column":44}},"5":{"start":{"line":9,"column":0},"end":{"line":9,"column":35}},"6":{"start":{"line":11,"column":0},"end":{"line":11,"column":45}},"7":{"start":{"line":13,"column":0},"end":{"line":13,"column":46}},"8":{"start":{"line":15,"column":0},"end":{"line":15,"column":47}},"9":{"start":{"line":17,"column":0},"end":{"line":17,"column":53}},"10":{"start":{"line":19,"column":0},"end":{"line":19,"column":23}}},"fnMap":{},"branchMap":{},"s":{"0":2,"1":2,"2":2,"3":2,"4":2,"5":2,"6":2,"7":2,"8":2,"9":2,"10":2},"f":{},"b":{},"_coverageSchema":"1a1c01bbd47fc00a2c39e90264f33305004495a9","hash":"524cf2aada120fc031dc37d7e3e05ef1f7a46c9c"}
,"/home/henrique/workspace/node-js/bexstech/back-end/src/routes/index.js": {"path":"/home/henrique/workspace/node-js/bexstech/back-end/src/routes/index.js","statementMap":{"0":{"start":{"line":1,"column":16},"end":{"line":1,"column":34}},"1":{"start":{"line":2,"column":15},"end":{"line":2,"column":31}},"2":{"start":{"line":3,"column":18},"end":{"line":3,"column":40}},"3":{"start":{"line":5,"column":0},"end":{"line":12,"column":2}},"4":{"start":{"line":6,"column":19},"end":{"line":6,"column":31}},"5":{"start":{"line":7,"column":15},"end":{"line":7,"column":30}},"6":{"start":{"line":8,"column":2},"end":{"line":11,"column":4}},"7":{"start":{"line":14,"column":0},"end":{"line":14,"column":38}},"8":{"start":{"line":16,"column":0},"end":{"line":28,"column":2}},"9":{"start":{"line":17,"column":14},"end":{"line":17,"column":43}},"10":{"start":{"line":18,"column":2},"end":{"line":26,"column":3}},"11":{"start":{"line":19,"column":4},"end":{"line":19,"column":14}},"12":{"start":{"line":20,"column":4},"end":{"line":23,"column":5}},"13":{"start":{"line":21,"column":6},"end":{"line":21,"column":37}},"14":{"start":{"line":21,"column":24},"end":{"line":21,"column":37}},"15":{"start":{"line":22,"column":6},"end":{"line":22,"column":41}},"16":{"start":{"line":25,"column":4},"end":{"line":25,"column":38}},"17":{"start":{"line":27,"column":2},"end":{"line":27,"column":33}},"18":{"start":{"line":30,"column":0},"end":{"line":30,"column":23}}},"fnMap":{"0":{"name":"(anonymous_0)","decl":{"start":{"line":5,"column":16},"end":{"line":5,"column":17}},"loc":{"start":{"line":5,"column":30},"end":{"line":12,"column":1}},"line":5},"1":{"name":"(anonymous_1)","decl":{"start":{"line":16,"column":11},"end":{"line":16,"column":12}},"loc":{"start":{"line":16,"column":36},"end":{"line":28,"column":1}},"line":16}},"branchMap":{"0":{"loc":{"start":{"line":17,"column":15},"end":{"line":17,"column":31}},"type":"binary-expr","locations":[{"start":{"line":17,"column":15},"end":{"line":17,"column":25}},{"start":{"line":17,"column":29},"end":{"line":17,"column":31}}],"line":17},"1":{"loc":{"start":{"line":18,"column":2},"end":{"line":26,"column":3}},"type":"if","locations":[{"start":{"line":18,"column":2},"end":{"line":26,"column":3}},{"start":{"line":18,"column":2},"end":{"line":26,"column":3}}],"line":18},"2":{"loc":{"start":{"line":21,"column":6},"end":{"line":21,"column":37}},"type":"if","locations":[{"start":{"line":21,"column":6},"end":{"line":21,"column":37}},{"start":{"line":21,"column":6},"end":{"line":21,"column":37}}],"line":21}},"s":{"0":2,"1":2,"2":2,"3":2,"4":1,"5":1,"6":1,"7":2,"8":2,"9":12,"10":12,"11":2,"12":2,"13":5,"14":3,"15":5,"16":10,"17":12,"18":2},"f":{"0":1,"1":12},"b":{"0":[12,2],"1":[2,10],"2":[3,2]},"_coverageSchema":"1a1c01bbd47fc00a2c39e90264f33305004495a9","hash":"ef97890fe261922120575f146e0bad4ee9b80663"}
,"/home/henrique/workspace/node-js/bexstech/back-end/src/routes/questions.js": {"path":"/home/henrique/workspace/node-js/bexstech/back-end/src/routes/questions.js","statementMap":{"0":{"start":{"line":1,"column":16},"end":{"line":1,"column":34}},"1":{"start":{"line":2,"column":15},"end":{"line":2,"column":31}},"2":{"start":{"line":3,"column":19},"end":{"line":3,"column":54}},"3":{"start":{"line":4,"column":16},"end":{"line":4,"column":36}},"4":{"start":{"line":6,"column":0},"end":{"line":6,"column":34}},"5":{"start":{"line":8,"column":0},"end":{"line":8,"column":46}},"6":{"start":{"line":10,"column":0},"end":{"line":10,"column":35}},"7":{"start":{"line":12,"column":0},"end":{"line":12,"column":47}},"8":{"start":{"line":14,"column":0},"end":{"line":14,"column":48}},"9":{"start":{"line":16,"column":0},"end":{"line":16,"column":49}},"10":{"start":{"line":18,"column":0},"end":{"line":18,"column":55}},"11":{"start":{"line":20,"column":0},"end":{"line":20,"column":49}},"12":{"start":{"line":22,"column":0},"end":{"line":22,"column":97}},"13":{"start":{"line":24,"column":0},"end":{"line":24,"column":23}}},"fnMap":{},"branchMap":{},"s":{"0":2,"1":2,"2":2,"3":2,"4":2,"5":2,"6":2,"7":2,"8":2,"9":2,"10":2,"11":2,"12":2,"13":2},"f":{},"b":{},"_coverageSchema":"1a1c01bbd47fc00a2c39e90264f33305004495a9","hash":"723c85ad4f28c3142c5a23bea6fcad3b3944adf9"}
,"/home/henrique/workspace/node-js/bexstech/back-end/tests/utils.js": {"path":"/home/henrique/workspace/node-js/bexstech/back-end/tests/utils.js","statementMap":{"0":{"start":{"line":1,"column":18},"end":{"line":1,"column":48}},"1":{"start":{"line":3,"column":22},"end":{"line":6,"column":1}},"2":{"start":{"line":4,"column":18},"end":{"line":4,"column":42}},"3":{"start":{"line":5,"column":2},"end":{"line":5,"column":57}},"4":{"start":{"line":8,"column":22},"end":{"line":15,"column":1}},"5":{"start":{"line":9,"column":2},"end":{"line":9,"column":54}},"6":{"start":{"line":11,"column":2},"end":{"line":11,"column":56}},"7":{"start":{"line":12,"column":2},"end":{"line":12,"column":58}},"8":{"start":{"line":14,"column":2},"end":{"line":14,"column":54}},"9":{"start":{"line":17,"column":26},"end":{"line":24,"column":1}},"10":{"start":{"line":18,"column":2},"end":{"line":18,"column":54}},"11":{"start":{"line":20,"column":2},"end":{"line":20,"column":49}},"12":{"start":{"line":21,"column":2},"end":{"line":21,"column":51}},"13":{"start":{"line":23,"column":2},"end":{"line":23,"column":54}},"14":{"start":{"line":26,"column":18},"end":{"line":29,"column":1}},"15":{"start":{"line":27,"column":2},"end":{"line":27,"column":23}},"16":{"start":{"line":28,"column":2},"end":{"line":28,"column":24}},"17":{"start":{"line":31,"column":17},"end":{"line":34,"column":1}},"18":{"start":{"line":32,"column":2},"end":{"line":32,"column":23}},"19":{"start":{"line":33,"column":2},"end":{"line":33,"column":25}},"20":{"start":{"line":36,"column":0},"end":{"line":41,"column":1}}},"fnMap":{"0":{"name":"(anonymous_0)","decl":{"start":{"line":3,"column":22},"end":{"line":3,"column":23}},"loc":{"start":{"line":3,"column":45},"end":{"line":6,"column":1}},"line":3},"1":{"name":"(anonymous_1)","decl":{"start":{"line":8,"column":22},"end":{"line":8,"column":23}},"loc":{"start":{"line":8,"column":34},"end":{"line":15,"column":1}},"line":8},"2":{"name":"(anonymous_2)","decl":{"start":{"line":17,"column":26},"end":{"line":17,"column":27}},"loc":{"start":{"line":17,"column":38},"end":{"line":24,"column":1}},"line":17},"3":{"name":"(anonymous_3)","decl":{"start":{"line":26,"column":18},"end":{"line":26,"column":19}},"loc":{"start":{"line":26,"column":30},"end":{"line":29,"column":1}},"line":26},"4":{"name":"(anonymous_4)","decl":{"start":{"line":31,"column":17},"end":{"line":31,"column":18}},"loc":{"start":{"line":31,"column":29},"end":{"line":34,"column":1}},"line":31}},"branchMap":{},"s":{"0":2,"1":2,"2":174,"3":174,"4":2,"5":4,"6":4,"7":4,"8":4,"9":2,"10":54,"11":54,"12":54,"13":54,"14":2,"15":2,"16":2,"17":2,"18":2,"19":2,"20":2},"f":{"0":174,"1":4,"2":54,"3":2,"4":2},"b":{},"_coverageSchema":"1a1c01bbd47fc00a2c39e90264f33305004495a9","hash":"cb3d3546a80fb25e04e0e1972ee97a4c99cce2ec"}
}
