TN:
SF:src/app.js
FNF:0
FNH:0
DA:1,2
DA:2,2
DA:3,2
DA:4,2
DA:5,2
DA:7,2
DA:9,2
DA:11,2
DA:13,2
DA:15,2
LF:10
LH:10
BRF:0
BRH:0
end_of_record
TN:
SF:src/config/index.js
FNF:0
FNH:0
DA:1,2
DA:3,2
DA:4,2
DA:5,2
DA:6,2
DA:7,2
DA:8,2
DA:10,2
LF:8
LH:8
BRDA:1,0,0,2
BRDA:1,0,1,0
BRDA:3,1,0,2
BRDA:3,1,1,2
BRDA:4,2,0,2
BRDA:4,2,1,2
BRDA:5,3,0,2
BRDA:5,3,1,2
BRDA:6,4,0,2
BRDA:6,4,1,2
BRDA:8,5,0,2
BRDA:8,5,1,2
BRF:12
BRH:11
end_of_record
TN:
SF:src/controllers/answers.js
FN:4,(anonymous_0)
FN:14,(anonymous_1)
FN:36,(anonymous_2)
FN:52,(anonymous_3)
FN:83,(anonymous_4)
FN:106,(anonymous_5)
FN:110,(anonymous_6)
FN:114,(anonymous_7)
FN:132,(anonymous_8)
FN:143,(anonymous_9)
FN:154,(anonymous_10)
FNF:11
FNH:11
FNDA:1,(anonymous_0)
FNDA:4,(anonymous_1)
FNDA:2,(anonymous_2)
FNDA:5,(anonymous_3)
FNDA:4,(anonymous_4)
FNDA:3,(anonymous_5)
FNDA:3,(anonymous_6)
FNDA:6,(anonymous_7)
FNDA:1,(anonymous_8)
FNDA:20,(anonymous_9)
FNDA:4,(anonymous_10)
DA:1,2
DA:3,2
DA:5,1
DA:6,1
DA:8,1
DA:15,4
DA:16,4
DA:17,4
DA:19,3
DA:20,2
DA:22,2
DA:23,1
DA:25,1
DA:27,1
DA:29,1
DA:32,1
DA:37,2
DA:38,2
DA:40,2
DA:42,2
DA:43,1
DA:44,1
DA:46,1
DA:48,1
DA:53,5
DA:54,5
DA:55,5
DA:57,4
DA:58,3
DA:60,3
DA:61,1
DA:64,2
DA:66,2
DA:67,2
DA:68,2
DA:70,2
DA:72,2
DA:74,2
DA:76,1
DA:79,1
DA:84,4
DA:85,4
DA:86,4
DA:88,3
DA:89,2
DA:91,2
DA:92,1
DA:95,1
DA:97,1
DA:99,1
DA:102,1
DA:107,3
DA:111,3
DA:115,6
DA:116,6
DA:117,6
DA:119,4
DA:120,2
DA:121,2
DA:123,2
DA:125,2
DA:128,2
DA:133,1
DA:135,1
DA:140,1
DA:144,20
DA:146,20
DA:151,15
DA:155,4
DA:166,2
LF:70
LH:70
BRDA:19,0,0,2
BRDA:19,0,1,1
BRDA:22,1,0,1
BRDA:22,1,1,1
BRDA:57,2,0,3
BRDA:57,2,1,1
BRDA:60,3,0,1
BRDA:60,3,1,2
BRDA:66,4,0,2
BRDA:66,4,1,1
BRDA:67,5,0,2
BRDA:67,5,1,1
BRDA:68,6,0,2
BRDA:68,6,1,2
BRDA:88,7,0,2
BRDA:88,7,1,1
BRDA:91,8,0,1
BRDA:91,8,1,1
BRDA:119,9,0,2
BRDA:119,9,1,2
BRF:20
BRH:20
end_of_record
TN:
SF:src/controllers/questions.js
FN:6,(anonymous_0)
FN:22,(anonymous_1)
FN:37,(anonymous_2)
FN:50,(anonymous_3)
FN:75,(anonymous_4)
FN:91,(anonymous_5)
FN:95,(anonymous_6)
FN:99,(anonymous_7)
FN:103,(anonymous_8)
FN:121,(anonymous_9)
FN:140,(anonymous_10)
FN:158,(anonymous_11)
FN:172,(anonymous_12)
FN:181,(anonymous_13)
FN:193,(anonymous_14)
FN:221,(anonymous_15)
FN:245,(anonymous_16)
FN:254,(anonymous_17)
FN:279,(anonymous_18)
FNF:19
FNH:19
FNDA:10,(anonymous_0)
FNDA:3,(anonymous_1)
FNDA:2,(anonymous_2)
FNDA:4,(anonymous_3)
FNDA:3,(anonymous_4)
FNDA:3,(anonymous_5)
FNDA:1,(anonymous_6)
FNDA:1,(anonymous_7)
FNDA:5,(anonymous_8)
FNDA:10,(anonymous_9)
FNDA:40,(anonymous_10)
FNDA:24,(anonymous_11)
FNDA:22,(anonymous_12)
FNDA:10,(anonymous_13)
FNDA:10,(anonymous_14)
FNDA:10,(anonymous_15)
FNDA:30,(anonymous_16)
FNDA:10,(anonymous_17)
FNDA:10,(anonymous_18)
DA:1,2
DA:2,2
DA:3,2
DA:5,2
DA:7,10
DA:9,10
DA:11,10
DA:23,3
DA:24,3
DA:25,3
DA:27,2
DA:28,1
DA:31,1
DA:33,1
DA:38,2
DA:39,2
DA:41,2
DA:42,1
DA:44,1
DA:46,1
DA:51,4
DA:52,4
DA:53,4
DA:55,3
DA:56,2
DA:58,2
DA:59,2
DA:60,2
DA:61,2
DA:62,2
DA:64,2
DA:66,2
DA:68,1
DA:71,1
DA:76,3
DA:77,3
DA:78,3
DA:80,2
DA:81,1
DA:84,1
DA:85,1
DA:87,1
DA:92,3
DA:96,1
DA:100,1
DA:104,5
DA:105,5
DA:106,5
DA:108,4
DA:109,3
DA:110,3
DA:112,3
DA:114,1
DA:117,1
DA:122,10
DA:137,10
DA:141,40
DA:143,40
DA:155,35
DA:159,24
DA:160,24
DA:161,24
DA:163,23
DA:164,1
DA:166,22
DA:168,1
DA:173,22
DA:175,22
DA:177,22
DA:178,22
DA:182,10
DA:183,10
DA:184,10
DA:186,10
DA:194,10
DA:195,10
DA:197,10
DA:199,10
DA:200,4
DA:202,4
DA:203,1
DA:204,1
DA:207,4
DA:208,3
DA:209,1
DA:212,3
DA:218,10
DA:222,10
DA:224,10
DA:225,10
DA:226,10
DA:228,10
DA:230,10
DA:231,2
DA:234,10
DA:235,1
DA:238,10
DA:239,1
DA:242,10
DA:247,30
DA:248,4
DA:251,30
DA:255,10
DA:257,10
DA:258,10
DA:260,10
DA:261,10
DA:263,10
DA:264,10
DA:266,10
DA:272,10
DA:280,10
DA:287,2
LF:113
LH:113
BRDA:27,0,0,1
BRDA:27,0,1,1
BRDA:55,1,0,2
BRDA:55,1,1,1
BRDA:58,2,0,2
BRDA:58,2,1,2
BRDA:59,3,0,2
BRDA:59,3,1,1
BRDA:60,4,0,2
BRDA:60,4,1,1
BRDA:61,5,0,2
BRDA:61,5,1,2
BRDA:62,6,0,2
BRDA:62,6,1,2
BRDA:80,7,0,1
BRDA:80,7,1,1
BRDA:108,8,0,3
BRDA:108,8,1,1
BRDA:163,9,0,1
BRDA:163,9,1,22
BRDA:173,10,0,22
BRDA:173,10,1,22
BRDA:194,11,0,6
BRDA:199,12,0,4
BRDA:199,12,1,6
BRDA:202,13,0,1
BRDA:202,13,1,3
BRDA:207,14,0,3
BRDA:207,14,1,1
BRDA:208,15,0,1
BRDA:208,15,1,2
BRDA:222,16,0,8
BRDA:222,17,0,9
BRDA:222,18,0,9
BRDA:230,19,0,2
BRDA:230,19,1,8
BRDA:234,20,0,1
BRDA:234,20,1,9
BRDA:238,21,0,1
BRDA:238,21,1,9
BRDA:247,22,0,4
BRDA:247,22,1,26
BRDA:247,23,0,30
BRDA:247,23,1,4
BRDA:255,24,0,9
BRDA:255,25,0,9
BRF:46
BRH:46
end_of_record
TN:
SF:src/models/answers.js
FN:4,(anonymous_0)
FN:27,(anonymous_1)
FNF:2
FNH:2
FNDA:2,(anonymous_0)
FNDA:2,(anonymous_1)
DA:1,2
DA:5,2
DA:28,2
DA:32,2
LF:4
LH:4
BRF:0
BRH:0
end_of_record
TN:
SF:src/models/index.js
FNF:0
FNH:0
DA:1,2
DA:2,2
DA:4,2
DA:5,2
DA:7,2
DA:9,2
DA:10,2
DA:12,2
DA:13,2
DA:15,2
LF:10
LH:10
BRF:0
BRH:0
end_of_record
TN:
SF:src/models/questions.js
FN:4,(anonymous_0)
FN:36,(anonymous_1)
FNF:2
FNH:2
FNDA:2,(anonymous_0)
FNDA:2,(anonymous_1)
DA:1,2
DA:5,2
DA:37,2
DA:41,2
LF:4
LH:4
BRF:0
BRH:0
end_of_record
TN:
SF:src/routes/answers.js
FNF:0
FNH:0
DA:1,2
DA:2,2
DA:3,2
DA:5,2
DA:7,2
DA:9,2
DA:11,2
DA:13,2
DA:15,2
DA:17,2
DA:19,2
LF:11
LH:11
BRF:0
BRH:0
end_of_record
TN:
SF:src/routes/index.js
FN:5,(anonymous_0)
FN:16,(anonymous_1)
FNF:2
FNH:2
FNDA:1,(anonymous_0)
FNDA:12,(anonymous_1)
DA:1,2
DA:2,2
DA:3,2
DA:5,2
DA:6,1
DA:7,1
DA:8,1
DA:14,2
DA:16,2
DA:17,12
DA:18,12
DA:19,2
DA:20,2
DA:21,5
DA:22,5
DA:25,10
DA:27,12
DA:30,2
LF:18
LH:18
BRDA:17,0,0,12
BRDA:17,0,1,2
BRDA:18,1,0,2
BRDA:18,1,1,10
BRDA:21,2,0,3
BRDA:21,2,1,2
BRF:6
BRH:6
end_of_record
TN:
SF:src/routes/questions.js
FNF:0
FNH:0
DA:1,2
DA:2,2
DA:3,2
DA:4,2
DA:6,2
DA:8,2
DA:10,2
DA:12,2
DA:14,2
DA:16,2
DA:18,2
DA:20,2
DA:22,2
DA:24,2
LF:14
LH:14
BRF:0
BRH:0
end_of_record
TN:
SF:tests/utils.js
FN:3,(anonymous_0)
FN:8,(anonymous_1)
FN:17,(anonymous_2)
FN:26,(anonymous_3)
FN:31,(anonymous_4)
FNF:5
FNH:5
FNDA:174,(anonymous_0)
FNDA:4,(anonymous_1)
FNDA:54,(anonymous_2)
FNDA:2,(anonymous_3)
FNDA:2,(anonymous_4)
DA:1,2
DA:3,2
DA:4,174
DA:5,174
DA:8,2
DA:9,4
DA:11,4
DA:12,4
DA:14,4
DA:17,2
DA:18,54
DA:20,54
DA:21,54
DA:23,54
DA:26,2
DA:27,2
DA:28,2
DA:31,2
DA:32,2
DA:33,2
DA:36,2
LF:21
LH:21
BRF:0
BRH:0
end_of_record
